Connected to imaps://imap.gmail.com:993/
S: * OK Gimap ready for requests from 186.30.1.86 124mb37847130vka
C: A00000000 CAPABILITY
S: * CAPABILITY IMAP4rev1 UNSELECT IDLE NAMESPACE QUOTA ID XLIST CHILDREN X-GM-EXT-1 XYZZY SASL-IR AUTH=XOAUTH2 AUTH=PLAIN AUTH=PLAIN-CLIENTTOKEN AUTH=OAUTHBEARER AUTH=XOAUTH
S: A00000000 OK Thats all she wrote! 124mb37847130vka
C: A00000001 AUTHENTICATE PLAIN AGpvbmF0aGFuLnJvamFzLnJlbmUwOEBnbWFpbC5jb20ATWlndWVsLjIwMjA=
S: A00000001 NO [AUTHENTICATIONFAILED] Invalid credentials (Failure)
C: A00000002 LOGIN jonathan.rojas.rene08@gmail.com Miguel.2020
S: A00000002 NO [AUTHENTICATIONFAILED] Invalid credentials (Failure)
Connected to imaps://imap.gmail.com:993/
S: * OK Gimap ready for requests from 186.30.1.86 z1mb35169409uar
C: A00000000 CAPABILITY
S: * CAPABILITY IMAP4rev1 UNSELECT IDLE NAMESPACE QUOTA ID XLIST CHILDREN X-GM-EXT-1 XYZZY SASL-IR AUTH=XOAUTH2 AUTH=PLAIN AUTH=PLAIN-CLIENTTOKEN AUTH=OAUTHBEARER AUTH=XOAUTH
S: A00000000 OK Thats all she wrote! z1mb35169409uar
C: A00000001 AUTHENTICATE PLAIN AGpvbmF0aGFuLnJvamFzLnJlbmUwOEBnbWFpbC5jb20ATWlndWVsLjIwMjA=
S: A00000001 NO [AUTHENTICATIONFAILED] Invalid credentials (Failure)
C: A00000002 LOGIN jonathan.rojas.rene08@gmail.com Miguel.2020
S: A00000002 NO [AUTHENTICATIONFAILED] Invalid credentials (Failure)
Connected to imaps://imap.gmail.com:993/
S: * OK Gimap ready for requests from 186.30.1.86 b1mb33176735uad
C: A00000000 CAPABILITY
S: * CAPABILITY IMAP4rev1 UNSELECT IDLE NAMESPACE QUOTA ID XLIST CHILDREN X-GM-EXT-1 XYZZY SASL-IR AUTH=XOAUTH2 AUTH=PLAIN AUTH=PLAIN-CLIENTTOKEN AUTH=OAUTHBEARER AUTH=XOAUTH
S: A00000000 OK Thats all she wrote! b1mb33176735uad
C: A00000001 AUTHENTICATE PLAIN AGpvbmF0aGFuLnJvamFzLnJlbmUwOEBnbWFpbC5jb20ATWlndWVsLjIwMjA=
S: A00000001 NO [AUTHENTICATIONFAILED] Invalid credentials (Failure)
C: A00000002 LOGIN jonathan.rojas.rene08@gmail.com Miguel.2020
S: A00000002 NO [AUTHENTICATIONFAILED] Invalid credentials (Failure)
Connected to imaps://imap.gmail.com:993/
S: * OK Gimap ready for requests from 186.30.1.86 q4mb8863472uaa
C: B00000000 CAPABILITY
S: * CAPABILITY IMAP4rev1 UNSELECT IDLE NAMESPACE QUOTA ID XLIST CHILDREN X-GM-EXT-1 XYZZY SASL-IR AUTH=XOAUTH2 AUTH=PLAIN AUTH=PLAIN-CLIENTTOKEN AUTH=OAUTHBEARER AUTH=XOAUTH
S: B00000000 OK Thats all she wrote! q4mb8863472uaa
C: B00000001 AUTHENTICATE PLAIN AGpvbmF0aGFuLnJvamFzLnJlbmUwOEBnbWFpbC5jb20ASm9uYXRoYW4uMjAyMA==
S: B00000001 NO [AUTHENTICATIONFAILED] Invalid credentials (Failure)
C: B00000002 LOGIN jonathan.rojas.rene08@gmail.com Jonathan.2020
S: B00000002 NO [AUTHENTICATIONFAILED] Invalid credentials (Failure)
Connected to imaps://imap.gmail.com:993/
S: * OK Gimap ready for requests from 186.30.1.86 b127mb36313377vka
C: C00000000 CAPABILITY
S: * CAPABILITY IMAP4rev1 UNSELECT IDLE NAMESPACE QUOTA ID XLIST CHILDREN X-GM-EXT-1 XYZZY SASL-IR AUTH=XOAUTH2 AUTH=PLAIN AUTH=PLAIN-CLIENTTOKEN AUTH=OAUTHBEARER AUTH=XOAUTH
S: C00000000 OK Thats all she wrote! b127mb36313377vka
C: C00000001 AUTHENTICATE PLAIN AGpvbmF0aGFuLnJvamFzLnJlbmUwOEBnbWFpbC5jb20ASm9uYXRoYW4uMjAyMA==
S: C00000001 NO [AUTHENTICATIONFAILED] Invalid credentials (Failure)
C: C00000002 LOGIN jonathan.rojas.rene08@gmail.com Jonathan.2020
S: C00000002 NO [AUTHENTICATIONFAILED] Invalid credentials (Failure)
